This file contains any messages produced by compilers while
running configure, to aid debugging if configure makes a mistake.

It was created by FreeType configure 2.5.3, which was
generated by GNU Autoconf 2.69.  Invocation command line was

  $ ./configure 

## --------- ##
## Platform. ##
## --------- ##

hostname = xiaoge.local
uname -m = x86_64
uname -r = 14.0.0
uname -s = Darwin
uname -v = Darwin Kernel Version 14.0.0: Sat Sep 27 03:58:47 PDT 2014; root:xnu-2782.1.97~11/RELEASE_X86_64

/usr/bin/uname -p = i386
/bin/uname -X     = unknown

/bin/arch              = unknown
/usr/bin/arch -k       = unknown
/usr/convex/getsysinfo = unknown
/usr/bin/hostinfo      = Mach kernel version:
	 Darwin Kernel Version 14.0.0: Sat Sep 27 03:58:47 PDT 2014; root:xnu-2782.1.97~11/RELEASE_X86_64
Kernel configured for up to 4 processors.
2 processors are physically available.
4 processors are logically available.
Processor type: i486 (Intel 80486)
Processors active: 0 1 2 3
Primary memory available: 8.00 gigabytes
Default processor set: 266 tasks, 1538 threads, 4 processors
Load average: 2.62, Mach factor: 1.44
/bin/machine           = unknown
/usr/bin/oslevel       = unknown
/bin/universe          = unknown

PATH: /usr/local/sbin
PATH: /usr/local/bin
PATH: /opt/local/bin
PATH: /opt/lo/bin
PATH: /sbin
PATH: /usr/local/bin
PATH: /usr/bin
PATH: /bin
PATH: /usr/sbin
PATH: /sbin
PATH: /opt/X11/bin
PATH: /usr/local/git/bin
PATH: /usr/texbin


## ----------- ##
## Core tests. ##
## ----------- ##

configure:2530: checking build system type
configure:2544: result: x86_64-apple-darwin14.0.0
configure:2564: checking host system type
configure:2577: result: x86_64-apple-darwin14.0.0
configure:2649: checking for gcc
configure:2665: found /usr/bin/gcc
configure:2676: result: gcc
configure:2905: checking for C compiler version
configure:2914: gcc --version >&5
Apple LLVM version 6.0 (clang-600.0.54) (based on LLVM 3.5svn)
Target: x86_64-apple-darwin14.0.0
Thread model: posix
Configured with: --prefix=/Applications/Xcode.app/Contents/Developer/usr --with-gxx-include-dir=/usr/include/c++/4.2.1
configure:2925: $? = 0
configure:2914: gcc -v >&5
Configured with: --prefix=/Applications/Xcode.app/Contents/Developer/usr --with-gxx-include-dir=/usr/include/c++/4.2.1
Apple LLVM version 6.0 (clang-600.0.54) (based on LLVM 3.5svn)
Target: x86_64-apple-darwin14.0.0
Thread model: posix
configure:2925: $? = 0
configure:2914: gcc -V >&5
clang: error: argument to '-V' is missing (expected 1 value)
clang: error: no input files
configure:2925: $? = 1
configure:2914: gcc -qversion >&5
clang: error: unknown argument: '-qversion'
clang: error: no input files
configure:2925: $? = 1
configure:2945: checking whether the C compiler works
configure:2967: gcc    conftest.c  >&5
configure:2971: $? = 0
configure:3019: result: yes
configure:3022: checking for C compiler default output file name
configure:3024: result: a.out
configure:3030: checking for suffix of executables
configure:3037: gcc -o conftest    conftest.c  >&5
configure:3041: $? = 0
configure:3063: result: 
configure:3085: checking whether we are cross compiling
configure:3093: gcc -o conftest    conftest.c  >&5
configure:3097: $? = 0
configure:3104: ./conftest
configure:3108: $? = 0
configure:3123: result: no
configure:3128: checking for suffix of object files
configure:3150: gcc -c   conftest.c >&5
configure:3154: $? = 0
configure:3175: result: o
configure:3179: checking whether we are using the GNU C compiler
configure:3198: gcc -c   conftest.c >&5
configure:3198: $? = 0
configure:3207: result: yes
configure:3216: checking whether gcc accepts -g
configure:3236: gcc -c -g  conftest.c >&5
configure:3236: $? = 0
configure:3277: result: yes
configure:3294: checking for gcc option to accept ISO C89
configure:3357: gcc  -c -g -O2  conftest.c >&5
configure:3357: $? = 0
configure:3370: result: none needed
configure:3395: checking how to run the C preprocessor
configure:3426: gcc -E  conftest.c
configure:3426: $? = 0
configure:3440: gcc -E  conftest.c
conftest.c:9:10: fatal error: 'ac_nonexistent.h' file not found
#include <ac_nonexistent.h>
         ^
1 error generated.
configure:3440: $? = 1
configure: failed program was:
| /* confdefs.h */
| #define PACKAGE_NAME "FreeType"
| #define PACKAGE_TARNAME "freetype"
| #define PACKAGE_VERSION "2.5.3"
| #define PACKAGE_STRING "FreeType 2.5.3"
| #define PACKAGE_BUGREPORT "freetype@nongnu.org"
| #define PACKAGE_URL ""
| /* end confdefs.h.  */
| #include <ac_nonexistent.h>
configure:3465: result: gcc -E
configure:3485: gcc -E  conftest.c
configure:3485: $? = 0
configure:3499: gcc -E  conftest.c
conftest.c:9:10: fatal error: 'ac_nonexistent.h' file not found
#include <ac_nonexistent.h>
         ^
1 error generated.
configure:3499: $? = 1
configure: failed program was:
| /* confdefs.h */
| #define PACKAGE_NAME "FreeType"
| #define PACKAGE_TARNAME "freetype"
| #define PACKAGE_VERSION "2.5.3"
| #define PACKAGE_STRING "FreeType 2.5.3"
| #define PACKAGE_BUGREPORT "freetype@nongnu.org"
| #define PACKAGE_URL ""
| /* end confdefs.h.  */
| #include <ac_nonexistent.h>
configure:3583: checking for pkg-config
configure:3601: found /usr/local/bin/pkg-config
configure:3613: result: /usr/local/bin/pkg-config
configure:3638: checking pkg-config is at least version 0.24
configure:3641: result: yes
configure:3696: checking how to print strings
configure:3723: result: printf
configure:3744: checking for a sed that does not truncate output
configure:3808: result: /usr/bin/sed
configure:3826: checking for grep that handles long lines and -e
configure:3884: result: /usr/bin/grep
configure:3889: checking for egrep
configure:3951: result: /usr/bin/grep -E
configure:3956: checking for fgrep
configure:4018: result: /usr/bin/grep -F
configure:4053: checking for ld used by gcc
configure:4120: result: /Applications/Xcode.app/Contents/Developer/Toolchains/XcodeDefault.xctoolchain/usr/bin/ld
configure:4127: checking if the linker (/Applications/Xcode.app/Contents/Developer/Toolchains/XcodeDefault.xctoolchain/usr/bin/ld) is GNU ld
configure:4142: result: no
configure:4154: checking for BSD- or MS-compatible name lister (nm)
configure:4203: result: /usr/bin/nm
configure:4333: checking the name lister (/usr/bin/nm) interface
configure:4340: gcc -c -g -O2  conftest.c >&5
configure:4343: /usr/bin/nm "conftest.o"
configure:4346: output
000000000000025c S _some_variable
configure:4353: result: BSD nm
configure:4356: checking whether ln -s works
configure:4360: result: yes
configure:4368: checking the maximum length of command line arguments
configure:4498: result: 196608
configure:4515: checking whether the shell understands some XSI constructs
configure:4525: result: yes
configure:4529: checking whether the shell understands "+="
configure:4535: result: yes
configure:4570: checking how to convert x86_64-apple-darwin14.0.0 file names to x86_64-apple-darwin14.0.0 format
configure:4610: result: func_convert_file_noop
configure:4617: checking how to convert x86_64-apple-darwin14.0.0 file names to toolchain format
configure:4637: result: func_convert_file_noop
configure:4644: checking for /Applications/Xcode.app/Contents/Developer/Toolchains/XcodeDefault.xctoolchain/usr/bin/ld option to reload object files
configure:4651: result: -r
configure:4725: checking for objdump
configure:4755: result: no
configure:4781: checking how to recognize dependent libraries
configure:4983: result: pass_all
configure:5068: checking for dlltool
configure:5098: result: no
configure:5125: checking how to associate runtime and link libraries
configure:5152: result: printf %s\n
configure:5213: checking for ar
configure:5229: found /usr/bin/ar
configure:5240: result: ar
configure:5277: checking for archiver @FILE support
configure:5294: gcc -c -g -O2  conftest.c >&5
configure:5294: $? = 0
configure:5297: ar cru libconftest.a @conftest.lst >&5
ar: @conftest.lst: No such file or directory
configure:5300: $? = 1
configure:5320: result: no
configure:5378: checking for strip
configure:5394: found /usr/bin/strip
configure:5405: result: strip
configure:5477: checking for ranlib
configure:5493: found /usr/bin/ranlib
configure:5504: result: ranlib
configure:5581: checking for gawk
configure:5611: result: no
configure:5581: checking for mawk
configure:5611: result: no
configure:5581: checking for nawk
configure:5611: result: no
configure:5581: checking for awk
configure:5597: found /usr/bin/awk
configure:5608: result: awk
configure:5648: checking command to parse /usr/bin/nm output from gcc object
configure:5768: gcc -c -g -O2  conftest.c >&5
configure:5771: $? = 0
configure:5775: /usr/bin/nm conftest.o \| sed -n -e 's/^.*[ ]\([BCDEGRST][BCDEGRST]*\)[ ][ ]*\([_A-Za-z][_A-Za-z0-9]*\)$/\1 \2 \2/p' | sed '/ __gnu_lto/d' \> conftest.nm
configure:5778: $? = 0
cannot find nm_test_var in conftest.nm
configure:5768: gcc -c -g -O2  conftest.c >&5
configure:5771: $? = 0
configure:5775: /usr/bin/nm conftest.o \| sed -n -e 's/^.*[ ]\([BCDEGRST][BCDEGRST]*\)[ ][ ]*_\([_A-Za-z][_A-Za-z0-9]*\)$/\1 _\2 \2/p' | sed '/ __gnu_lto/d' \> conftest.nm
configure:5778: $? = 0
configure:5844: gcc -o conftest -g -O2   conftest.c conftstm.o >&5
configure:5847: $? = 0
configure:5885: result: ok
configure:5922: checking for sysroot
configure:5952: result: no
configure:6208: checking for mt
configure:6238: result: no
configure:6258: checking if : is a manifest tool
configure:6264: : '-?'
configure:6272: result: no
configure:6328: checking for dsymutil
configure:6344: found /usr/bin/dsymutil
configure:6355: result: dsymutil
configure:6420: checking for nmedit
configure:6436: found /usr/bin/nmedit
configure:6447: result: nmedit
configure:6512: checking for lipo
configure:6528: found /usr/bin/lipo
configure:6539: result: lipo
configure:6604: checking for otool
configure:6620: found /usr/bin/otool
configure:6631: result: otool
configure:6696: checking for otool64
configure:6726: result: no
configure:6771: checking for -single_module linker flag
gcc -g -O2  -o libconftest.dylib -dynamiclib -Wl,-single_module conftest.c
configure:6804: result: yes
configure:6807: checking for -exported_symbols_list linker flag
configure:6827: gcc -o conftest -g -O2   -Wl,-exported_symbols_list,conftest.sym conftest.c  >&5
configure:6827: $? = 0
configure:6837: result: yes
configure:6840: checking for -force_load linker flag
gcc -g -O2 -c -o conftest.o conftest.c
ar cru libconftest.a conftest.o
ranlib libconftest.a
gcc -g -O2  -o conftest conftest.c -Wl,-force_load,./libconftest.a
configure:6872: result: yes
configure:6910: checking for ANSI C header files
configure:6930: gcc -c -g -O2  conftest.c >&5
configure:6930: $? = 0
configure:7003: gcc -o conftest -g -O2   conftest.c  >&5
configure:7003: $? = 0
configure:7003: ./conftest
configure:7003: $? = 0
configure:7014: result: yes
configure:7027: checking for sys/types.h
configure:7027: gcc -c -g -O2  conftest.c >&5
configure:7027: $? = 0
configure:7027: result: yes
configure:7027: checking for sys/stat.h
configure:7027: gcc -c -g -O2  conftest.c >&5
configure:7027: $? = 0
configure:7027: result: yes
configure:7027: checking for stdlib.h
configure:7027: gcc -c -g -O2  conftest.c >&5
configure:7027: $? = 0
configure:7027: result: yes
configure:7027: checking for string.h
configure:7027: gcc -c -g -O2  conftest.c >&5
configure:7027: $? = 0
configure:7027: result: yes
configure:7027: checking for memory.h
configure:7027: gcc -c -g -O2  conftest.c >&5
configure:7027: $? = 0
configure:7027: result: yes
configure:7027: checking for strings.h
configure:7027: gcc -c -g -O2  conftest.c >&5
configure:7027: $? = 0
configure:7027: result: yes
configure:7027: checking for inttypes.h
configure:7027: gcc -c -g -O2  conftest.c >&5
configure:7027: $? = 0
configure:7027: result: yes
configure:7027: checking for stdint.h
configure:7027: gcc -c -g -O2  conftest.c >&5
configure:7027: $? = 0
configure:7027: result: yes
configure:7027: checking for unistd.h
configure:7027: gcc -c -g -O2  conftest.c >&5
configure:7027: $? = 0
configure:7027: result: yes
configure:7041: checking for dlfcn.h
configure:7041: gcc -c -g -O2  conftest.c >&5
configure:7041: $? = 0
configure:7041: result: yes
configure:7545: checking for objdir
configure:7560: result: .libs
configure:7827: checking if gcc supports -fno-rtti -fno-exceptions
configure:7845: gcc -c -g -O2  -fno-rtti -fno-exceptions conftest.c >&5
configure:7849: $? = 0
configure:7862: result: yes
configure:8189: checking for gcc option to produce PIC
configure:8196: result: -fno-common -DPIC
configure:8204: checking if gcc PIC flag -fno-common -DPIC works
configure:8222: gcc -c -g -O2  -fno-common -DPIC -DPIC conftest.c >&5
configure:8226: $? = 0
configure:8239: result: yes
configure:8268: checking if gcc static flag -static works
configure:8296: result: no
configure:8311: checking if gcc supports -c -o file.o
configure:8332: gcc -c -g -O2  -o out/conftest2.o conftest.c >&5
configure:8336: $? = 0
configure:8358: result: yes
configure:8366: checking if gcc supports -c -o file.o
configure:8413: result: yes
configure:8446: checking whether the gcc linker (/Applications/Xcode.app/Contents/Developer/Toolchains/XcodeDefault.xctoolchain/usr/bin/ld) supports shared libraries
configure:9599: result: yes
configure:9839: checking dynamic linker characteristics
configure:10572: result: darwin14.0.0 dyld
configure:10679: checking how to hardcode library paths into programs
configure:10704: result: immediate
configure:11244: checking whether stripping libraries is possible
configure:11258: result: yes
configure:11284: checking if libtool supports shared libraries
configure:11286: result: yes
configure:11289: checking whether to build shared libraries
configure:11310: result: yes
configure:11313: checking whether to build static libraries
configure:11317: result: yes
configure:11518: checking for rmdir
configure:11534: found /bin/rmdir
configure:11545: result: rmdir
configure:11573: checking for a BSD-compatible install
configure:11641: result: /usr/bin/install -c
configure:11663: checking for ANSI C header files
configure:11767: result: yes
configure:11778: checking fcntl.h usability
configure:11778: gcc -c -g -O2  conftest.c >&5
configure:11778: $? = 0
configure:11778: result: yes
configure:11778: checking fcntl.h presence
configure:11778: gcc -E  conftest.c
configure:11778: $? = 0
configure:11778: result: yes
configure:11778: checking for fcntl.h
configure:11778: result: yes
configure:11778: checking for unistd.h
configure:11778: result: yes
configure:11792: checking for an ANSI C-conforming const
configure:11858: gcc -c -g -O2  conftest.c >&5
configure:11858: $? = 0
configure:11865: result: yes
configure:11877: checking size of int
configure:11882: gcc -o conftest -g -O2   conftest.c  >&5
configure:11882: $? = 0
configure:11882: ./conftest
configure:11882: $? = 0
configure:11896: result: 4
configure:11910: checking size of long
configure:11915: gcc -o conftest -g -O2   conftest.c  >&5
configure:11915: $? = 0
configure:11915: ./conftest
configure:11915: $? = 0
configure:11929: result: 8
configure:11943: checking whether cpp computation of bit length in ftconfig.in works
configure:12000: result: yes
configure:12038: checking for stdlib.h
configure:12038: result: yes
configure:12038: checking for unistd.h
configure:12038: result: yes
configure:12038: checking for sys/param.h
configure:12038: gcc -c -g -O2  conftest.c >&5
configure:12038: $? = 0
configure:12038: result: yes
configure:12058: checking for getpagesize
configure:12058: gcc -o conftest -g -O2   conftest.c  >&5
configure:12058: $? = 0
configure:12058: result: yes
configure:12067: checking for working mmap
configure:12214: gcc -o conftest -g -O2   conftest.c  >&5
configure:12214: $? = 0
configure:12214: ./conftest
configure:12214: $? = 0
configure:12224: result: yes
configure:12240: checking whether munmap is declared
configure:12240: gcc -c -g -O2  conftest.c >&5
configure:12240: $? = 0
configure:12240: result: yes
configure:12260: checking for munmap's first parameter type
configure:12274: gcc -c -g -O2  conftest.c >&5
configure:12274: $? = 0
configure:12275: result: void *
configure:12292: checking for memcpy
configure:12292: gcc -o conftest -g -O2   conftest.c  >&5
conftest.c:56:6: warning: incompatible redeclaration of library function 'memcpy' [-Wincompatible-library-redeclaration]
char memcpy ();
     ^
conftest.c:56:6: note: 'memcpy' is a builtin with type 'void *(void *, const void *, unsigned long)'
1 warning generated.
configure:12292: $? = 0
configure:12292: result: yes
configure:12292: checking for memmove
configure:12292: gcc -o conftest -g -O2   conftest.c  >&5
conftest.c:57:6: warning: incompatible redeclaration of library function 'memmove' [-Wincompatible-library-redeclaration]
char memmove ();
     ^
conftest.c:57:6: note: 'memmove' is a builtin with type 'void *(void *, const void *, unsigned long)'
1 warning generated.
configure:12292: $? = 0
configure:12292: result: yes
configure:12341: checking gcc compiler flag -ansi to assure ANSI C works correctly
configure:12368: gcc -c -g -O2  -ansi  conftest.c >&5
configure:12368: $? = 0
configure:12369: result: ok, add it to XX_ANSIFLAGS
configure:12433: $PKG_CONFIG --exists --print-errors "$zlib_pkg"
Package zlib was not found in the pkg-config search path.
Perhaps you should add the directory containing `zlib.pc'
to the PKG_CONFIG_PATH environment variable
No package 'zlib' found
configure:12436: $? = 1
configure:12443: checking for ZLIB
configure:12450: $PKG_CONFIG --exists --print-errors "$zlib_pkg"
Package zlib was not found in the pkg-config search path.
Perhaps you should add the directory containing `zlib.pc'
to the PKG_CONFIG_PATH environment variable
No package 'zlib' found
configure:12453: $? = 1
configure:12467: $PKG_CONFIG --exists --print-errors "$zlib_pkg"
Package zlib was not found in the pkg-config search path.
Perhaps you should add the directory containing `zlib.pc'
to the PKG_CONFIG_PATH environment variable
No package 'zlib' found
configure:12470: $? = 1
configure:12484: result: no
No package 'zlib' found
configure:12528: checking for gzsetparams in -lz
configure:12553: gcc -o conftest -g -O2   conftest.c -lz   >&5
configure:12553: $? = 0
configure:12562: result: yes
configure:12565: checking zlib.h usability
configure:12565: gcc -c -g -O2  conftest.c >&5
configure:12565: $? = 0
configure:12565: result: yes
configure:12565: checking zlib.h presence
configure:12565: gcc -E  conftest.c
configure:12565: $? = 0
configure:12565: result: yes
configure:12565: checking for zlib.h
configure:12565: result: yes
configure:12603: $PKG_CONFIG --exists --print-errors "$bzip2_pkg"
Package bzip2 was not found in the pkg-config search path.
Perhaps you should add the directory containing `bzip2.pc'
to the PKG_CONFIG_PATH environment variable
No package 'bzip2' found
configure:12606: $? = 1
configure:12613: checking for BZIP2
configure:12620: $PKG_CONFIG --exists --print-errors "$bzip2_pkg"
Package bzip2 was not found in the pkg-config search path.
Perhaps you should add the directory containing `bzip2.pc'
to the PKG_CONFIG_PATH environment variable
No package 'bzip2' found
configure:12623: $? = 1
configure:12637: $PKG_CONFIG --exists --print-errors "$bzip2_pkg"
Package bzip2 was not found in the pkg-config search path.
Perhaps you should add the directory containing `bzip2.pc'
to the PKG_CONFIG_PATH environment variable
No package 'bzip2' found
configure:12640: $? = 1
configure:12654: result: no
No package 'bzip2' found
configure:12698: checking for BZ2_bzDecompress in -lbz2
configure:12723: gcc -o conftest -g -O2   conftest.c -lbz2   >&5
configure:12723: $? = 0
configure:12732: result: yes
configure:12735: checking bzlib.h usability
configure:12735: gcc -c -g -O2  conftest.c >&5
configure:12735: $? = 0
configure:12735: result: yes
configure:12735: checking bzlib.h presence
configure:12735: gcc -E  conftest.c
configure:12735: $? = 0
configure:12735: result: yes
configure:12735: checking for bzlib.h
configure:12735: result: yes
configure:12773: $PKG_CONFIG --exists --print-errors "$libpng_pkg"
configure:12776: $? = 0
configure:12783: checking for LIBPNG
configure:12790: $PKG_CONFIG --exists --print-errors "$libpng_pkg"
configure:12793: $? = 0
configure:12807: $PKG_CONFIG --exists --print-errors "$libpng_pkg"
configure:12810: $? = 0
configure:12848: result: yes
configure:12909: $PKG_CONFIG --exists --print-errors "$harfbuzz_pkg"
configure:12912: $? = 0
configure:12919: checking for HARFBUZZ
configure:12926: $PKG_CONFIG --exists --print-errors "$harfbuzz_pkg"
configure:12929: $? = 0
configure:12943: $PKG_CONFIG --exists --print-errors "$harfbuzz_pkg"
configure:12946: $? = 0
configure:12984: result: yes
configure:13817: creating ./config.status

## ---------------------- ##
## Running config.status. ##
## ---------------------- ##

This file was extended by FreeType config.status 2.5.3, which was
generated by GNU Autoconf 2.69.  Invocation command line was

  CONFIG_FILES    = 
  CONFIG_HEADERS  = 
  CONFIG_LINKS    = 
  CONFIG_COMMANDS = 
  $ ./config.status 

on xiaoge.local

config.status:1083: creating unix-cc.mk
config.status:1083: creating unix-def.mk
config.status:1083: creating ftconfig.h
config.status:1272: executing libtool commands
configure:15922:

Library configuration:
  external zlib: yes (autoconf test)
  bzip2:         yes (autoconf test)
  libpng:        yes (pkg-config)
  harfbuzz:      yes (pkg-config)


## ---------------- ##
## Cache variables. ##
## ---------------- ##

ac_cv_build=x86_64-apple-darwin14.0.0
ac_cv_c_compiler_gnu=yes
ac_cv_c_const=yes
ac_cv_env_BZIP2_CFLAGS_set=
ac_cv_env_BZIP2_CFLAGS_value=
ac_cv_env_BZIP2_LIBS_set=
ac_cv_env_BZIP2_LIBS_value=
ac_cv_env_CC_set=
ac_cv_env_CC_value=
ac_cv_env_CFLAGS_set=
ac_cv_env_CFLAGS_value=
ac_cv_env_CPPFLAGS_set=
ac_cv_env_CPPFLAGS_value=
ac_cv_env_CPP_set=
ac_cv_env_CPP_value=
ac_cv_env_HARFBUZZ_CFLAGS_set=
ac_cv_env_HARFBUZZ_CFLAGS_value=
ac_cv_env_HARFBUZZ_LIBS_set=
ac_cv_env_HARFBUZZ_LIBS_value=
ac_cv_env_LDFLAGS_set=
ac_cv_env_LDFLAGS_value=
ac_cv_env_LIBPNG_CFLAGS_set=
ac_cv_env_LIBPNG_CFLAGS_value=
ac_cv_env_LIBPNG_LIBS_set=
ac_cv_env_LIBPNG_LIBS_value=
ac_cv_env_LIBS_set=
ac_cv_env_LIBS_value=
ac_cv_env_PKG_CONFIG_LIBDIR_set=
ac_cv_env_PKG_CONFIG_LIBDIR_value=
ac_cv_env_PKG_CONFIG_PATH_set=
ac_cv_env_PKG_CONFIG_PATH_value=
ac_cv_env_PKG_CONFIG_set=
ac_cv_env_PKG_CONFIG_value=
ac_cv_env_ZLIB_CFLAGS_set=
ac_cv_env_ZLIB_CFLAGS_value=
ac_cv_env_ZLIB_LIBS_set=
ac_cv_env_ZLIB_LIBS_value=
ac_cv_env_build_alias_set=
ac_cv_env_build_alias_value=
ac_cv_env_host_alias_set=
ac_cv_env_host_alias_value=
ac_cv_env_target_alias_set=
ac_cv_env_target_alias_value=
ac_cv_func_getpagesize=yes
ac_cv_func_memcpy=yes
ac_cv_func_memmove=yes
ac_cv_func_mmap_fixed_mapped=yes
ac_cv_have_decl_munmap=yes
ac_cv_header_bzlib_h=yes
ac_cv_header_dlfcn_h=yes
ac_cv_header_fcntl_h=yes
ac_cv_header_inttypes_h=yes
ac_cv_header_memory_h=yes
ac_cv_header_stdc=yes
ac_cv_header_stdint_h=yes
ac_cv_header_stdlib_h=yes
ac_cv_header_string_h=yes
ac_cv_header_strings_h=yes
ac_cv_header_sys_param_h=yes
ac_cv_header_sys_stat_h=yes
ac_cv_header_sys_types_h=yes
ac_cv_header_unistd_h=yes
ac_cv_header_zlib_h=yes
ac_cv_host=x86_64-apple-darwin14.0.0
ac_cv_lib_bz2_BZ2_bzDecompress=yes
ac_cv_lib_z_gzsetparams=yes
ac_cv_objext=o
ac_cv_path_EGREP='/usr/bin/grep -E'
ac_cv_path_FGREP='/usr/bin/grep -F'
ac_cv_path_GREP=/usr/bin/grep
ac_cv_path_SED=/usr/bin/sed
ac_cv_path_ac_pt_PKG_CONFIG=/usr/local/bin/pkg-config
ac_cv_path_install='/usr/bin/install -c'
ac_cv_prog_AWK=awk
ac_cv_prog_CPP='gcc -E'
ac_cv_prog_RMDIR=rmdir
ac_cv_prog_ac_ct_AR=ar
ac_cv_prog_ac_ct_CC=gcc
ac_cv_prog_ac_ct_DSYMUTIL=dsymutil
ac_cv_prog_ac_ct_LIPO=lipo
ac_cv_prog_ac_ct_NMEDIT=nmedit
ac_cv_prog_ac_ct_OTOOL=otool
ac_cv_prog_ac_ct_RANLIB=ranlib
ac_cv_prog_ac_ct_STRIP=strip
ac_cv_prog_cc_c89=
ac_cv_prog_cc_g=yes
ac_cv_sizeof_int=4
ac_cv_sizeof_long=8
lt_cv_apple_cc_single_mod=yes
lt_cv_ar_at_file=no
lt_cv_deplibs_check_method=pass_all
lt_cv_file_magic_cmd='$MAGIC_CMD'
lt_cv_file_magic_test_file=
lt_cv_ld_exported_symbols_list=yes
lt_cv_ld_force_load=yes
lt_cv_ld_reload_flag=-r
lt_cv_nm_interface='BSD nm'
lt_cv_objdir=.libs
lt_cv_path_LD=/Applications/Xcode.app/Contents/Developer/Toolchains/XcodeDefault.xctoolchain/usr/bin/ld
lt_cv_path_NM=/usr/bin/nm
lt_cv_path_mainfest_tool=no
lt_cv_prog_compiler_c_o=yes
lt_cv_prog_compiler_pic='-fno-common -DPIC'
lt_cv_prog_compiler_pic_works=yes
lt_cv_prog_compiler_rtti_exceptions=yes
lt_cv_prog_compiler_static_works=no
lt_cv_prog_gnu_ld=no
lt_cv_sharedlib_from_linklib_cmd='printf %s\n'
lt_cv_sys_global_symbol_pipe='sed -n -e '\''s/^.*[	 ]\([BCDEGRST][BCDEGRST]*\)[	 ][	 ]*_\([_A-Za-z][_A-Za-z0-9]*\)$/\1 _\2 \2/p'\'' | sed '\''/ __gnu_lto/d'\'''
lt_cv_sys_global_symbol_to_c_name_address='sed -n -e '\''s/^: \([^ ]*\)[ ]*$/  {\"\1\", (void *) 0},/p'\'' -e '\''s/^[BCDEGRST]* \([^ ]*\) \([^ ]*\)$/  {"\2", (void *) \&\2},/p'\'''
lt_cv_sys_global_symbol_to_c_name_address_lib_prefix='sed -n -e '\''s/^: \([^ ]*\)[ ]*$/  {\"\1\", (void *) 0},/p'\'' -e '\''s/^[BCDEGRST]* \([^ ]*\) \(lib[^ ]*\)$/  {"\2", (void *) \&\2},/p'\'' -e '\''s/^[BCDEGRST]* \([^ ]*\) \([^ ]*\)$/  {"lib\2", (void *) \&\2},/p'\'''
lt_cv_sys_global_symbol_to_cdecl='sed -n -e '\''s/^T .* \(.*\)$/extern int \1();/p'\'' -e '\''s/^[BCDEGRST]* .* \(.*\)$/extern char \1;/p'\'''
lt_cv_sys_max_cmd_len=196608
lt_cv_to_host_file_cmd=func_convert_file_noop
lt_cv_to_tool_file_cmd=func_convert_file_noop
pkg_cv_HARFBUZZ_CFLAGS='-I/usr/local/Cellar/harfbuzz/0.9.35_1/include/harfbuzz '
pkg_cv_HARFBUZZ_LIBS='-L/usr/local/Cellar/harfbuzz/0.9.35_1/lib -lharfbuzz '
pkg_cv_LIBPNG_CFLAGS='-I/usr/local/Cellar/libpng/1.6.13/include/libpng16 '
pkg_cv_LIBPNG_LIBS='-L/usr/local/Cellar/libpng/1.6.13/lib -lpng16 '

## ----------------- ##
## Output variables. ##
## ----------------- ##

AR='ar'
AS='as'
AWK='awk'
BZIP2_CFLAGS=''
BZIP2_LIBS='-lbz2'
CC='gcc'
CC_BUILD='gcc'
CFLAGS='-g -O2 -DDARWIN_NO_CARBON  -DFT_CONFIG_OPTION_SYSTEM_ZLIB  -DFT_CONFIG_OPTION_USE_BZIP2 -I/usr/local/Cellar/libpng/1.6.13/include/libpng16  -DFT_CONFIG_OPTION_USE_PNG -I/usr/local/Cellar/harfbuzz/0.9.35_1/include/harfbuzz  -DFT_CONFIG_OPTION_USE_HARFBUZZ'
CPP='gcc -E'
CPPFLAGS=''
DEFS='-DHAVE_CONFIG_H'
DLLTOOL='false'
DSYMUTIL='dsymutil'
DUMPBIN=''
ECHO_C='\c'
ECHO_N=''
ECHO_T=''
EGREP='/usr/bin/grep -E'
EXEEXT=''
EXEEXT_BUILD=''
FGREP='/usr/bin/grep -F'
FTSYS_SRC='$(BUILD_DIR)/ftsystem.c'
GREP='/usr/bin/grep'
HARFBUZZ_CFLAGS='-I/usr/local/Cellar/harfbuzz/0.9.35_1/include/harfbuzz '
HARFBUZZ_LIBS='-L/usr/local/Cellar/harfbuzz/0.9.35_1/lib -lharfbuzz '
INSTALL_DATA='${INSTALL} -m 644'
INSTALL_PROGRAM='${INSTALL}'
INSTALL_SCRIPT='${INSTALL}'
LD='/Applications/Xcode.app/Contents/Developer/Toolchains/XcodeDefault.xctoolchain/usr/bin/ld'
LDFLAGS=' -lz -lbz2 -L/usr/local/Cellar/libpng/1.6.13/lib -lpng16  -L/usr/local/Cellar/harfbuzz/0.9.35_1/lib -lharfbuzz '
LIBOBJS=''
LIBPNG_CFLAGS='-I/usr/local/Cellar/libpng/1.6.13/include/libpng16 '
LIBPNG_LIBS='-L/usr/local/Cellar/libpng/1.6.13/lib -lpng16 '
LIBS=''
LIBSSTATIC_CONFIG='-lfreetype -lz -lbz2 -L/usr/local/Cellar/libpng/1.6.13/lib -lpng16 -lz -L/usr/local/Cellar/harfbuzz/0.9.35_1/lib -lharfbuzz'
LIBS_CONFIG='-lfreetype -lz -lbz2 -L/usr/local/Cellar/libpng/1.6.13/lib -lpng16 -L/usr/local/Cellar/harfbuzz/0.9.35_1/lib -lharfbuzz'
LIBS_PRIVATE='-lz -lbz2'
LIBTOOL='$(SHELL) $(top_builddir)/libtool'
LIPO='lipo'
LN_S='ln -s'
LTLIBOBJS=''
MANIFEST_TOOL=':'
NM='/usr/bin/nm'
NMEDIT='nmedit'
OBJDUMP='false'
OBJEXT='o'
OTOOL64=':'
OTOOL='otool'
PACKAGE_BUGREPORT='freetype@nongnu.org'
PACKAGE_NAME='FreeType'
PACKAGE_STRING='FreeType 2.5.3'
PACKAGE_TARNAME='freetype'
PACKAGE_URL=''
PACKAGE_VERSION='2.5.3'
PATH_SEPARATOR=':'
PKG_CONFIG='/usr/local/bin/pkg-config'
PKG_CONFIG_LIBDIR=''
PKG_CONFIG_PATH=''
RANLIB='ranlib'
REQUIRES_PRIVATE='libpng, harfbuzz >= 0.9.19'
RMDIR='rmdir'
SED='/usr/bin/sed'
SHELL='/bin/sh'
STRIP='strip'
XX_ANSIFLAGS=' -ansi'
XX_CFLAGS='-Wall'
ZLIB_CFLAGS=''
ZLIB_LIBS='-lz'
ac_ct_AR='ar'
ac_ct_CC='gcc'
ac_ct_DUMPBIN=''
bindir='${exec_prefix}/bin'
build='x86_64-apple-darwin14.0.0'
build_alias=''
build_cpu='x86_64'
build_libtool_libs=''
build_os='darwin14.0.0'
build_vendor='apple'
datadir='${datarootdir}'
datarootdir='${prefix}/share'
docdir='${datarootdir}/doc/${PACKAGE_TARNAME}'
dvidir='${docdir}'
exec_prefix='${prefix}'
ft_version='17.2.11'
ftmac_c=''
hardcode_libdir_flag_spec=''
host='x86_64-apple-darwin14.0.0'
host_alias=''
host_cpu='x86_64'
host_os='darwin14.0.0'
host_vendor='apple'
htmldir='${docdir}'
includedir='${prefix}/include'
infodir='${datarootdir}/info'
libdir='${exec_prefix}/lib'
libexecdir='${exec_prefix}/libexec'
localedir='${datarootdir}/locale'
localstatedir='${prefix}/var'
mandir='${datarootdir}/man'
oldincludedir='/usr/include'
pdfdir='${docdir}'
prefix='/usr/local'
program_transform_name='s,x,x,'
psdir='${docdir}'
sbindir='${exec_prefix}/sbin'
sharedstatedir='${prefix}/com'
sysconfdir='${prefix}/etc'
target_alias=''
version_info='17:2:11'
wl='-Wl,'

## ----------- ##
## confdefs.h. ##
## ----------- ##

/* confdefs.h */
#define PACKAGE_NAME "FreeType"
#define PACKAGE_TARNAME "freetype"
#define PACKAGE_VERSION "2.5.3"
#define PACKAGE_STRING "FreeType 2.5.3"
#define PACKAGE_BUGREPORT "freetype@nongnu.org"
#define PACKAGE_URL ""
#define STDC_HEADERS 1
#define HAVE_SYS_TYPES_H 1
#define HAVE_SYS_STAT_H 1
#define HAVE_STDLIB_H 1
#define HAVE_STRING_H 1
#define HAVE_MEMORY_H 1
#define HAVE_STRINGS_H 1
#define HAVE_INTTYPES_H 1
#define HAVE_STDINT_H 1
#define HAVE_UNISTD_H 1
#define HAVE_DLFCN_H 1
#define LT_OBJDIR ".libs/"
#define STDC_HEADERS 1
#define HAVE_FCNTL_H 1
#define HAVE_UNISTD_H 1
#define SIZEOF_INT 4
#define SIZEOF_LONG 8
#define HAVE_STDLIB_H 1
#define HAVE_UNISTD_H 1
#define HAVE_SYS_PARAM_H 1
#define HAVE_GETPAGESIZE 1
#define HAVE_MMAP 1
#define HAVE_DECL_MUNMAP 1
#define MUNMAP_USES_VOIDP /**/
#define HAVE_MEMCPY 1
#define HAVE_MEMMOVE 1

configure: exit 0
